<?xml version="1.0" encoding="UTF-8"?>
<!-- Generated by org.testng.reporters.JUnitReportReporter -->
<testsuite hostname="LON-L14-10-SBAV" name="testScripts.T01_SearchCars" tests="1" failures="0" timestamp="19 Apr 2021 10:53:40 GMT" time="68.885" errors="0">
  <testcase name="sortByRegYearAndPrice" time="68.885" classname="testScripts.T01_SearchCars"/>
</testsuite> <!-- testScripts.T01_SearchCars -->
